// This is where an access log would be created
::1 - - [17/Apr/2022:21:39:53 +0000] "GET /app HTTP/1.1" 200 35 "-" "Mozilla/5.0 (Macintosh; Intel Mac OS X 10_15_7) AppleWebKit/537.36 (KHTML, like Gecko) Chrome/100.0.4896.75 Safari/537.36"
::1 - - [17/Apr/2022:21:39:53 +0000] "GET /favicon.ico HTTP/1.1" 404 150 "http://localhost:5555/app" "Mozilla/5.0 (Macintosh; Intel Mac OS X 10_15_7) AppleWebKit/537.36 (KHTML, like Gecko) Chrome/100.0.4896.75 Safari/537.36"
::1 - - [17/Apr/2022:21:40:08 +0000] "GET /app/flip HTTP/1.1" 200 16 "-" "Mozilla/5.0 (Macintosh; Intel Mac OS X 10_15_7) AppleWebKit/537.36 (KHTML, like Gecko) Chrome/100.0.4896.75 Safari/537.36"
::1 - - [17/Apr/2022:22:29:24 +0000] "POST /app/flip/coins/ HTTP/1.1" 404 155 "http://localhost:5555/" "Mozilla/5.0 (Macintosh; Intel Mac OS X 10_15_7) AppleWebKit/537.36 (KHTML, like Gecko) Chrome/100.0.4896.75 Safari/537.36"
::1 - - [17/Apr/2022:22:29:43 +0000] "POST /app/flip/coins/ HTTP/1.1" 404 155 "http://localhost:5555/" "Mozilla/5.0 (Macintosh; Intel Mac OS X 10_15_7) AppleWebKit/537.36 (KHTML, like Gecko) Chrome/100.0.4896.75 Safari/537.36"
::1 - - [17/Apr/2022:22:31:49 +0000] "GET /coin.jpg HTTP/1.1" 404 147 "http://localhost:5555/" "Mozilla/5.0 (Macintosh; Intel Mac OS X 10_15_7) AppleWebKit/537.36 (KHTML, like Gecko) Chrome/100.0.4896.75 Safari/537.36"
::1 - - [17/Apr/2022:22:37:32 +0000] "GET /app/flip/ HTTP/1.1" 200 16 "http://localhost:5555/" "Mozilla/5.0 (Macintosh; Intel Mac OS X 10_15_7) AppleWebKit/537.36 (KHTML, like Gecko) Chrome/100.0.4896.75 Safari/537.36"
::1 - - [17/Apr/2022:22:37:32 +0000] "GET /tails.jpg HTTP/1.1" 404 148 "http://localhost:5555/" "Mozilla/5.0 (Macintosh; Intel Mac OS X 10_15_7) AppleWebKit/537.36 (KHTML, like Gecko) Chrome/100.0.4896.75 Safari/537.36"
::1 - - [17/Apr/2022:22:38:56 +0000] "GET /app/flip/ HTTP/1.1" 200 16 "http://localhost:5555/" "Mozilla/5.0 (Macintosh; Intel Mac OS X 10_15_7) AppleWebKit/537.36 (KHTML, like Gecko) Chrome/100.0.4896.75 Safari/537.36"
::1 - - [17/Apr/2022:22:38:56 +0000] "GET /heads.jpg HTTP/1.1" 404 148 "http://localhost:5555/" "Mozilla/5.0 (Macintosh; Intel Mac OS X 10_15_7) AppleWebKit/537.36 (KHTML, like Gecko) Chrome/100.0.4896.75 Safari/537.36"
::1 - - [17/Apr/2022:22:40:43 +0000] "GET /app/flip/ HTTP/1.1" 200 16 "http://localhost:5555/" "Mozilla/5.0 (Macintosh; Intel Mac OS X 10_15_7) AppleWebKit/537.36 (KHTML, like Gecko) Chrome/100.0.4896.75 Safari/537.36"
::1 - - [17/Apr/2022:22:40:46 +0000] "GET /app/flip/ HTTP/1.1" 200 16 "http://localhost:5555/" "Mozilla/5.0 (Macintosh; Intel Mac OS X 10_15_7) AppleWebKit/537.36 (KHTML, like Gecko) Chrome/100.0.4896.75 Safari/537.36"
::1 - - [17/Apr/2022:22:40:48 +0000] "GET /app/flip/ HTTP/1.1" 304 - "http://localhost:5555/" "Mozilla/5.0 (Macintosh; Intel Mac OS X 10_15_7) AppleWebKit/537.36 (KHTML, like Gecko) Chrome/100.0.4896.75 Safari/537.36"
::1 - - [17/Apr/2022:22:41:10 +0000] "GET /app/flip/ HTTP/1.1" 200 16 "http://localhost:5555/" "Mozilla/5.0 (Macintosh; Intel Mac OS X 10_15_7) AppleWebKit/537.36 (KHTML, like Gecko) Chrome/100.0.4896.75 Safari/537.36"
::1 - - [17/Apr/2022:22:41:13 +0000] "GET /app/flip/ HTTP/1.1" 304 - "http://localhost:5555/" "Mozilla/5.0 (Macintosh; Intel Mac OS X 10_15_7) AppleWebKit/537.36 (KHTML, like Gecko) Chrome/100.0.4896.75 Safari/537.36"
::1 - - [17/Apr/2022:22:41:22 +0000] "GET /app/flip/ HTTP/1.1" 304 - "http://localhost:5555/" "Mozilla/5.0 (Macintosh; Intel Mac OS X 10_15_7) AppleWebKit/537.36 (KHTML, like Gecko) Chrome/100.0.4896.75 Safari/537.36"
::1 - - [17/Apr/2022:22:41:22 +0000] "GET /tails.jpg HTTP/1.1" 404 148 "http://localhost:5555/" "Mozilla/5.0 (Macintosh; Intel Mac OS X 10_15_7) AppleWebKit/537.36 (KHTML, like Gecko) Chrome/100.0.4896.75 Safari/537.36"
::1 - - [17/Apr/2022:22:43:20 +0000] "GET /app/flip/ HTTP/1.1" 200 16 "http://localhost:5555/" "Mozilla/5.0 (Macintosh; Intel Mac OS X 10_15_7) AppleWebKit/537.36 (KHTML, like Gecko) Chrome/100.0.4896.75 Safari/537.36"
::1 - - [17/Apr/2022:22:44:08 +0000] "GET /app/flip/ HTTP/1.1" 200 16 "http://localhost:5555/" "Mozilla/5.0 (Macintosh; Intel Mac OS X 10_15_7) AppleWebKit/537.36 (KHTML, like Gecko) Chrome/100.0.4896.75 Safari/537.36"
::1 - - [17/Apr/2022:22:44:44 +0000] "GET /app/flip/ HTTP/1.1" 200 16 "http://localhost:5555/" "Mozilla/5.0 (Macintosh; Intel Mac OS X 10_15_7) AppleWebKit/537.36 (KHTML, like Gecko) Chrome/100.0.4896.75 Safari/537.36"
::1 - - [17/Apr/2022:22:48:31 +0000] "GET /app/flip/ HTTP/1.1" 200 16 "http://localhost:5555/" "Mozilla/5.0 (Macintosh; Intel Mac OS X 10_15_7) AppleWebKit/537.36 (KHTML, like Gecko) Chrome/100.0.4896.75 Safari/537.36"
::1 - - [17/Apr/2022:22:48:31 +0000] "GET /tails.jpg HTTP/1.1" 404 148 "http://localhost:5555/" "Mozilla/5.0 (Macintosh; Intel Mac OS X 10_15_7) AppleWebKit/537.36 (KHTML, like Gecko) Chrome/100.0.4896.75 Safari/537.36"
::1 - - [17/Apr/2022:22:49:59 +0000] "GET /app/flip/ HTTP/1.1" 200 16 "http://localhost:5555/" "Mozilla/5.0 (Macintosh; Intel Mac OS X 10_15_7) AppleWebKit/537.36 (KHTML, like Gecko) Chrome/100.0.4896.75 Safari/537.36"
::1 - - [17/Apr/2022:22:49:59 +0000] "GET /public/assets/img/heads.jpg HTTP/1.1" 404 166 "http://localhost:5555/" "Mozilla/5.0 (Macintosh; Intel Mac OS X 10_15_7) AppleWebKit/537.36 (KHTML, like Gecko) Chrome/100.0.4896.75 Safari/537.36"
::1 - - [17/Apr/2022:22:51:06 +0000] "GET /app/flip/ HTTP/1.1" 200 16 "http://localhost:5555/" "Mozilla/5.0 (Macintosh; Intel Mac OS X 10_15_7) AppleWebKit/537.36 (KHTML, like Gecko) Chrome/100.0.4896.75 Safari/537.36"
::1 - - [17/Apr/2022:22:51:06 +0000] "GET /assets/img/tails.jpg HTTP/1.1" 404 159 "http://localhost:5555/" "Mozilla/5.0 (Macintosh; Intel Mac OS X 10_15_7) AppleWebKit/537.36 (KHTML, like Gecko) Chrome/100.0.4896.75 Safari/537.36"
::1 - - [17/Apr/2022:22:51:45 +0000] "GET /app/flip/ HTTP/1.1" 304 - "http://localhost:5555/" "Mozilla/5.0 (Macintosh; Intel Mac OS X 10_15_7) AppleWebKit/537.36 (KHTML, like Gecko) Chrome/100.0.4896.75 Safari/537.36"
::1 - - [17/Apr/2022:22:51:45 +0000] "GET /assets/img/tails.jpg HTTP/1.1" 404 159 "http://localhost:5555/" "Mozilla/5.0 (Macintosh; Intel Mac OS X 10_15_7) AppleWebKit/537.36 (KHTML, like Gecko) Chrome/100.0.4896.75 Safari/537.36"
::1 - - [17/Apr/2022:22:53:21 +0000] "GET /app/flip/ HTTP/1.1" 304 - "http://localhost:5555/" "Mozilla/5.0 (Macintosh; Intel Mac OS X 10_15_7) AppleWebKit/537.36 (KHTML, like Gecko) Chrome/100.0.4896.75 Safari/537.36"
::1 - - [17/Apr/2022:22:54:01 +0000] "GET /app/flip/ HTTP/1.1" 200 16 "http://localhost:5555/" "Mozilla/5.0 (Macintosh; Intel Mac OS X 10_15_7) AppleWebKit/537.36 (KHTML, like Gecko) Chrome/100.0.4896.75 Safari/537.36"
::1 - - [17/Apr/2022:22:55:54 +0000] "GET /app/flip/ HTTP/1.1" 200 16 "http://localhost:5555/" "Mozilla/5.0 (Macintosh; Intel Mac OS X 10_15_7) AppleWebKit/537.36 (KHTML, like Gecko) Chrome/100.0.4896.75 Safari/537.36"
::1 - - [17/Apr/2022:22:55:56 +0000] "GET /app/flip/ HTTP/1.1" 304 - "http://localhost:5555/" "Mozilla/5.0 (Macintosh; Intel Mac OS X 10_15_7) AppleWebKit/537.36 (KHTML, like Gecko) Chrome/100.0.4896.75 Safari/537.36"
::1 - - [17/Apr/2022:22:55:59 +0000] "GET /app/flip/ HTTP/1.1" 200 16 "http://localhost:5555/" "Mozilla/5.0 (Macintosh; Intel Mac OS X 10_15_7) AppleWebKit/537.36 (KHTML, like Gecko) Chrome/100.0.4896.75 Safari/537.36"
::1 - - [17/Apr/2022:22:56:01 +0000] "GET /app/flip/ HTTP/1.1" 304 - "http://localhost:5555/" "Mozilla/5.0 (Macintosh; Intel Mac OS X 10_15_7) AppleWebKit/537.36 (KHTML, like Gecko) Chrome/100.0.4896.75 Safari/537.36"
::1 - - [17/Apr/2022:22:56:05 +0000] "GET /app/flip/ HTTP/1.1" 304 - "http://localhost:5555/" "Mozilla/5.0 (Macintosh; Intel Mac OS X 10_15_7) AppleWebKit/537.36 (KHTML, like Gecko) Chrome/100.0.4896.75 Safari/537.36"
::1 - - [17/Apr/2022:22:57:37 +0000] "GET /app/flip/ HTTP/1.1" 200 16 "http://localhost:5555/" "Mozilla/5.0 (Macintosh; Intel Mac OS X 10_15_7) AppleWebKit/537.36 (KHTML, like Gecko) Chrome/100.0.4896.75 Safari/537.36"
::1 - - [17/Apr/2022:23:01:55 +0000] "GET /app/flip/ HTTP/1.1" 304 - "http://localhost:5555/" "Mozilla/5.0 (Macintosh; Intel Mac OS X 10_15_7) AppleWebKit/537.36 (KHTML, like Gecko) Chrome/100.0.4896.75 Safari/537.36"
::1 - - [17/Apr/2022:23:03:40 +0000] "GET /app/flip/ HTTP/1.1" 200 16 "http://localhost:5555/" "Mozilla/5.0 (Macintosh; Intel Mac OS X 10_15_7) AppleWebKit/537.36 (KHTML, like Gecko) Chrome/100.0.4896.75 Safari/537.36"
::1 - - [17/Apr/2022:23:03:51 +0000] "GET /app/flip/ HTTP/1.1" 200 16 "http://localhost:5555/" "Mozilla/5.0 (Macintosh; Intel Mac OS X 10_15_7) AppleWebKit/537.36 (KHTML, like Gecko) Chrome/100.0.4896.75 Safari/537.36"
::1 - - [17/Apr/2022:23:06:13 +0000] "GET /app/flip/ HTTP/1.1" 200 16 "http://localhost:5555/" "Mozilla/5.0 (Macintosh; Intel Mac OS X 10_15_7) AppleWebKit/537.36 (KHTML, like Gecko) Chrome/100.0.4896.75 Safari/537.36"
::1 - - [17/Apr/2022:23:10:17 +0000] "GET /app/flip/ HTTP/1.1" 200 16 "http://localhost:5555/" "Mozilla/5.0 (Macintosh; Intel Mac OS X 10_15_7) AppleWebKit/537.36 (KHTML, like Gecko) Chrome/100.0.4896.75 Safari/537.36"
::1 - - [17/Apr/2022:23:10:21 +0000] "GET /app/flip/ HTTP/1.1" 304 - "http://localhost:5555/" "Mozilla/5.0 (Macintosh; Intel Mac OS X 10_15_7) AppleWebKit/537.36 (KHTML, like Gecko) Chrome/100.0.4896.75 Safari/537.36"
::1 - - [17/Apr/2022:23:10:33 +0000] "GET /app/flip/ HTTP/1.1" 200 16 "http://localhost:5555/" "Mozilla/5.0 (Macintosh; Intel Mac OS X 10_15_7) AppleWebKit/537.36 (KHTML, like Gecko) Chrome/100.0.4896.75 Safari/537.36"
::1 - - [17/Apr/2022:23:10:58 +0000] "GET /app/flip/ HTTP/1.1" 200 16 "http://localhost:5555/" "Mozilla/5.0 (Macintosh; Intel Mac OS X 10_15_7) AppleWebKit/537.36 (KHTML, like Gecko) Chrome/100.0.4896.75 Safari/537.36"
::1 - - [17/Apr/2022:23:11:00 +0000] "GET /app/flip/ HTTP/1.1" 200 16 "http://localhost:5555/" "Mozilla/5.0 (Macintosh; Intel Mac OS X 10_15_7) AppleWebKit/537.36 (KHTML, like Gecko) Chrome/100.0.4896.75 Safari/537.36"
::1 - - [17/Apr/2022:23:11:01 +0000] "GET /app/flip/ HTTP/1.1" 200 16 "http://localhost:5555/" "Mozilla/5.0 (Macintosh; Intel Mac OS X 10_15_7) AppleWebKit/537.36 (KHTML, like Gecko) Chrome/100.0.4896.75 Safari/537.36"
::1 - - [17/Apr/2022:23:11:02 +0000] "GET /app/flip/ HTTP/1.1" 200 16 "http://localhost:5555/" "Mozilla/5.0 (Macintosh; Intel Mac OS X 10_15_7) AppleWebKit/537.36 (KHTML, like Gecko) Chrome/100.0.4896.75 Safari/537.36"
::1 - - [17/Apr/2022:23:11:02 +0000] "GET /app/flip/ HTTP/1.1" 200 16 "http://localhost:5555/" "Mozilla/5.0 (Macintosh; Intel Mac OS X 10_15_7) AppleWebKit/537.36 (KHTML, like Gecko) Chrome/100.0.4896.75 Safari/537.36"
::1 - - [17/Apr/2022:23:11:03 +0000] "GET /app/flip/ HTTP/1.1" 200 16 "http://localhost:5555/" "Mozilla/5.0 (Macintosh; Intel Mac OS X 10_15_7) AppleWebKit/537.36 (KHTML, like Gecko) Chrome/100.0.4896.75 Safari/537.36"
::1 - - [17/Apr/2022:23:11:03 +0000] "GET /app/flip/ HTTP/1.1" 200 16 "http://localhost:5555/" "Mozilla/5.0 (Macintosh; Intel Mac OS X 10_15_7) AppleWebKit/537.36 (KHTML, like Gecko) Chrome/100.0.4896.75 Safari/537.36"
::1 - - [17/Apr/2022:23:11:15 +0000] "GET /app/flip/ HTTP/1.1" 304 - "http://localhost:5555/" "Mozilla/5.0 (Macintosh; Intel Mac OS X 10_15_7) AppleWebKit/537.36 (KHTML, like Gecko) Chrome/100.0.4896.75 Safari/537.36"
::1 - - [17/Apr/2022:23:12:14 +0000] "GET /app/flip/ HTTP/1.1" 200 16 "http://localhost:5555/" "Mozilla/5.0 (Macintosh; Intel Mac OS X 10_15_7) AppleWebKit/537.36 (KHTML, like Gecko) Chrome/100.0.4896.75 Safari/537.36"
::1 - - [17/Apr/2022:23:12:17 +0000] "GET /app/flip/ HTTP/1.1" 304 - "http://localhost:5555/" "Mozilla/5.0 (Macintosh; Intel Mac OS X 10_15_7) AppleWebKit/537.36 (KHTML, like Gecko) Chrome/100.0.4896.75 Safari/537.36"
::1 - - [17/Apr/2022:23:12:38 +0000] "GET /app/flip/ HTTP/1.1" 304 - "http://localhost:5555/" "Mozilla/5.0 (Macintosh; Intel Mac OS X 10_15_7) AppleWebKit/537.36 (KHTML, like Gecko) Chrome/100.0.4896.75 Safari/537.36"
::1 - - [17/Apr/2022:23:12:39 +0000] "GET /app/flip/ HTTP/1.1" 304 - "http://localhost:5555/" "Mozilla/5.0 (Macintosh; Intel Mac OS X 10_15_7) AppleWebKit/537.36 (KHTML, like Gecko) Chrome/100.0.4896.75 Safari/537.36"
::1 - - [17/Apr/2022:23:12:39 +0000] "GET /app/flip/ HTTP/1.1" 304 - "http://localhost:5555/" "Mozilla/5.0 (Macintosh; Intel Mac OS X 10_15_7) AppleWebKit/537.36 (KHTML, like Gecko) Chrome/100.0.4896.75 Safari/537.36"
::1 - - [17/Apr/2022:23:12:39 +0000] "GET /app/flip/ HTTP/1.1" 200 16 "http://localhost:5555/" "Mozilla/5.0 (Macintosh; Intel Mac OS X 10_15_7) AppleWebKit/537.36 (KHTML, like Gecko) Chrome/100.0.4896.75 Safari/537.36"
::1 - - [17/Apr/2022:23:12:40 +0000] "GET /app/flip/ HTTP/1.1" 304 - "http://localhost:5555/" "Mozilla/5.0 (Macintosh; Intel Mac OS X 10_15_7) AppleWebKit/537.36 (KHTML, like Gecko) Chrome/100.0.4896.75 Safari/537.36"
::1 - - [17/Apr/2022:23:12:40 +0000] "GET /app/flip/ HTTP/1.1" 304 - "http://localhost:5555/" "Mozilla/5.0 (Macintosh; Intel Mac OS X 10_15_7) AppleWebKit/537.36 (KHTML, like Gecko) Chrome/100.0.4896.75 Safari/537.36"
::1 - - [17/Apr/2022:23:12:40 +0000] "GET /app/flip/ HTTP/1.1" 304 - "http://localhost:5555/" "Mozilla/5.0 (Macintosh; Intel Mac OS X 10_15_7) AppleWebKit/537.36 (KHTML, like Gecko) Chrome/100.0.4896.75 Safari/537.36"
::1 - - [17/Apr/2022:23:12:41 +0000] "GET /app/flip/ HTTP/1.1" 200 16 "http://localhost:5555/" "Mozilla/5.0 (Macintosh; Intel Mac OS X 10_15_7) AppleWebKit/537.36 (KHTML, like Gecko) Chrome/100.0.4896.75 Safari/537.36"
::1 - - [17/Apr/2022:23:12:41 +0000] "GET /app/flip/ HTTP/1.1" 200 16 "http://localhost:5555/" "Mozilla/5.0 (Macintosh; Intel Mac OS X 10_15_7) AppleWebKit/537.36 (KHTML, like Gecko) Chrome/100.0.4896.75 Safari/537.36"
::1 - - [17/Apr/2022:23:12:42 +0000] "GET /app/flip/ HTTP/1.1" 200 16 "http://localhost:5555/" "Mozilla/5.0 (Macintosh; Intel Mac OS X 10_15_7) AppleWebKit/537.36 (KHTML, like Gecko) Chrome/100.0.4896.75 Safari/537.36"
::1 - - [17/Apr/2022:23:12:42 +0000] "GET /app/flip/ HTTP/1.1" 304 - "http://localhost:5555/" "Mozilla/5.0 (Macintosh; Intel Mac OS X 10_15_7) AppleWebKit/537.36 (KHTML, like Gecko) Chrome/100.0.4896.75 Safari/537.36"
::1 - - [17/Apr/2022:23:12:42 +0000] "GET /app/flip/ HTTP/1.1" 200 16 "http://localhost:5555/" "Mozilla/5.0 (Macintosh; Intel Mac OS X 10_15_7) AppleWebKit/537.36 (KHTML, like Gecko) Chrome/100.0.4896.75 Safari/537.36"
::1 - - [17/Apr/2022:23:12:45 +0000] "GET /app/flip/ HTTP/1.1" 200 16 "http://localhost:5555/" "Mozilla/5.0 (Macintosh; Intel Mac OS X 10_15_7) AppleWebKit/537.36 (KHTML, like Gecko) Chrome/100.0.4896.75 Safari/537.36"
::1 - - [17/Apr/2022:23:12:45 +0000] "GET /app/flip/ HTTP/1.1" 200 16 "http://localhost:5555/" "Mozilla/5.0 (Macintosh; Intel Mac OS X 10_15_7) AppleWebKit/537.36 (KHTML, like Gecko) Chrome/100.0.4896.75 Safari/537.36"
::1 - - [17/Apr/2022:23:12:46 +0000] "GET /app/flip/ HTTP/1.1" 304 - "http://localhost:5555/" "Mozilla/5.0 (Macintosh; Intel Mac OS X 10_15_7) AppleWebKit/537.36 (KHTML, like Gecko) Chrome/100.0.4896.75 Safari/537.36"
::1 - - [17/Apr/2022:23:12:46 +0000] "GET /app/flip/ HTTP/1.1" 304 - "http://localhost:5555/" "Mozilla/5.0 (Macintosh; Intel Mac OS X 10_15_7) AppleWebKit/537.36 (KHTML, like Gecko) Chrome/100.0.4896.75 Safari/537.36"
::1 - - [17/Apr/2022:23:12:47 +0000] "GET /app/flip/ HTTP/1.1" 200 16 "http://localhost:5555/" "Mozilla/5.0 (Macintosh; Intel Mac OS X 10_15_7) AppleWebKit/537.36 (KHTML, like Gecko) Chrome/100.0.4896.75 Safari/537.36"
::1 - - [17/Apr/2022:23:12:47 +0000] "GET /app/flip/ HTTP/1.1" 200 16 "http://localhost:5555/" "Mozilla/5.0 (Macintosh; Intel Mac OS X 10_15_7) AppleWebKit/537.36 (KHTML, like Gecko) Chrome/100.0.4896.75 Safari/537.36"
::1 - - [17/Apr/2022:23:12:48 +0000] "GET /app/flip/ HTTP/1.1" 200 16 "http://localhost:5555/" "Mozilla/5.0 (Macintosh; Intel Mac OS X 10_15_7) AppleWebKit/537.36 (KHTML, like Gecko) Chrome/100.0.4896.75 Safari/537.36"
::1 - - [17/Apr/2022:23:12:48 +0000] "GET /app/flip/ HTTP/1.1" 304 - "http://localhost:5555/" "Mozilla/5.0 (Macintosh; Intel Mac OS X 10_15_7) AppleWebKit/537.36 (KHTML, like Gecko) Chrome/100.0.4896.75 Safari/537.36"
::1 - - [17/Apr/2022:23:12:48 +0000] "GET /app/flip/ HTTP/1.1" 304 - "http://localhost:5555/" "Mozilla/5.0 (Macintosh; Intel Mac OS X 10_15_7) AppleWebKit/537.36 (KHTML, like Gecko) Chrome/100.0.4896.75 Safari/537.36"
::1 - - [17/Apr/2022:23:12:48 +0000] "GET /app/flip/ HTTP/1.1" 304 - "http://localhost:5555/" "Mozilla/5.0 (Macintosh; Intel Mac OS X 10_15_7) AppleWebKit/537.36 (KHTML, like Gecko) Chrome/100.0.4896.75 Safari/537.36"
::1 - - [17/Apr/2022:23:12:48 +0000] "GET /app/flip/ HTTP/1.1" 304 - "http://localhost:5555/" "Mozilla/5.0 (Macintosh; Intel Mac OS X 10_15_7) AppleWebKit/537.36 (KHTML, like Gecko) Chrome/100.0.4896.75 Safari/537.36"
::1 - - [17/Apr/2022:23:12:49 +0000] "GET /app/flip/ HTTP/1.1" 200 16 "http://localhost:5555/" "Mozilla/5.0 (Macintosh; Intel Mac OS X 10_15_7) AppleWebKit/537.36 (KHTML, like Gecko) Chrome/100.0.4896.75 Safari/537.36"
::1 - - [17/Apr/2022:23:12:49 +0000] "GET /app/flip/ HTTP/1.1" 200 16 "http://localhost:5555/" "Mozilla/5.0 (Macintosh; Intel Mac OS X 10_15_7) AppleWebKit/537.36 (KHTML, like Gecko) Chrome/100.0.4896.75 Safari/537.36"
::1 - - [17/Apr/2022:23:12:49 +0000] "GET /app/flip/ HTTP/1.1" 304 - "http://localhost:5555/" "Mozilla/5.0 (Macintosh; Intel Mac OS X 10_15_7) AppleWebKit/537.36 (KHTML, like Gecko) Chrome/100.0.4896.75 Safari/537.36"
::1 - - [17/Apr/2022:23:12:49 +0000] "GET /app/flip/ HTTP/1.1" 200 16 "http://localhost:5555/" "Mozilla/5.0 (Macintosh; Intel Mac OS X 10_15_7) AppleWebKit/537.36 (KHTML, like Gecko) Chrome/100.0.4896.75 Safari/537.36"
::1 - - [17/Apr/2022:23:12:50 +0000] "GET /app/flip/ HTTP/1.1" 200 16 "http://localhost:5555/" "Mozilla/5.0 (Macintosh; Intel Mac OS X 10_15_7) AppleWebKit/537.36 (KHTML, like Gecko) Chrome/100.0.4896.75 Safari/537.36"
::1 - - [17/Apr/2022:23:12:50 +0000] "GET /app/flip/ HTTP/1.1" 200 16 "http://localhost:5555/" "Mozilla/5.0 (Macintosh; Intel Mac OS X 10_15_7) AppleWebKit/537.36 (KHTML, like Gecko) Chrome/100.0.4896.75 Safari/537.36"
::1 - - [17/Apr/2022:23:12:50 +0000] "GET /app/flip/ HTTP/1.1" 200 16 "http://localhost:5555/" "Mozilla/5.0 (Macintosh; Intel Mac OS X 10_15_7) AppleWebKit/537.36 (KHTML, like Gecko) Chrome/100.0.4896.75 Safari/537.36"
::1 - - [17/Apr/2022:23:12:50 +0000] "GET /app/flip/ HTTP/1.1" 304 - "http://localhost:5555/" "Mozilla/5.0 (Macintosh; Intel Mac OS X 10_15_7) AppleWebKit/537.36 (KHTML, like Gecko) Chrome/100.0.4896.75 Safari/537.36"
::1 - - [17/Apr/2022:23:12:51 +0000] "GET /app/flip/ HTTP/1.1" 304 - "http://localhost:5555/" "Mozilla/5.0 (Macintosh; Intel Mac OS X 10_15_7) AppleWebKit/537.36 (KHTML, like Gecko) Chrome/100.0.4896.75 Safari/537.36"
::1 - - [17/Apr/2022:23:14:05 +0000] "GET /app/flip/ HTTP/1.1" 304 - "http://localhost:5555/" "Mozilla/5.0 (Macintosh; Intel Mac OS X 10_15_7) AppleWebKit/537.36 (KHTML, like Gecko) Chrome/100.0.4896.75 Safari/537.36"
